<?xml version="1.0" encoding="UTF-8"?>
<testng-results ignored="0" total="1" passed="1" failed="0" skipped="0">
  <reporter-output>
  </reporter-output>
  <suite started-at="2020-07-07T00:48:27 IST" name="Test suite" finished-at="2020-07-07T00:48:43 IST" duration-ms="15744">
    <groups>
    </groups>
    <test started-at="2020-07-07T00:48:27 IST" name="Test C" finished-at="2020-07-07T00:48:43 IST" duration-ms="15744">
      <class name="pageobjectmodel.Pomclass">
        <test-method signature="mainfunc()[pri:0, instance:pageobjectmodel.Pomclass@7fc229ab]" started-at="2020-07-07T00:48:27 IST" name="mainfunc" finished-at="2020-07-07T00:48:43 IST" duration-ms="15693" status="PASS">
          <reporter-output>
          </reporter-output>
        </test-method> <!-- mainfunc -->
      </class> <!-- pageobjectmodel.Pomclass -->
    </test> <!-- Test C -->
  </suite> <!-- Test suite -->
</testng-results>
